Using pre-set license
Built from '2020.3/staging' branch; Version is '2020.3.6f1 (338bb68529b2) revision 3378102'; Using compiler version '192528614'; Build Type 'Release'
OS: 'Windows 10 Home Single Language; OS build 19042.1165; Version 2009; 64bit' Language: 'pt' Physical Memory: 32603 MB
BatchMode: 1, IsHumanControllingUs: 0, StartBugReporterOnCrash: 0, Is64bit: 1, IsPro: 0

 COMMAND LINE ARGUMENTS:
C:\Program Files\Unity\Hub\Editor\2020.3.6f1\Editor\Unity.exe
-adb2
-batchMode
-noUpm
-name
AssetImportWorker0
-projectPath
C:/Users/gabri/Documents/Faculdade/Game design/arkade/poc02_marmota
-logFile
Logs/AssetImportWorker0.log
-srvPort
55919
Successfully changed project path to: C:/Users/gabri/Documents/Faculdade/Game design/arkade/poc02_marmota
C:/Users/gabri/Documents/Faculdade/Game design/arkade/poc02_marmota
Using Asset Import Pipeline V2.
Refreshing native plugins compatible for Editor in 149.01 ms, found 1 plugins.
Preloading 0 native plugins for Editor in 0.00 ms.
Initialize engine version: 2020.3.6f1 (338bb68529b2)
[Subsystems] Discovering subsystems at path C:/Program Files/Unity/Hub/Editor/2020.3.6f1/Editor/Data/Resources/UnitySubsystems
[Subsystems] Discovering subsystems at path C:/Users/gabri/Documents/Faculdade/Game design/arkade/poc02_marmota/Assets
GfxDevice: creating device client; threaded=0
Direct3D:
    Version:  Direct3D 11.0 [level 11.1]
    Renderer: NVIDIA GeForce RTX 2060 (ID=0x1f15)
    Vendor:   
    VRAM:     5980 MB
    Driver:   27.21.14.6242
Initialize mono
Mono path[0] = 'C:/Program Files/Unity/Hub/Editor/2020.3.6f1/Editor/Data/Managed'
Mono path[1] = 'C:/Program Files/Unity/Hub/Editor/2020.3.6f1/Editor/Data/MonoBleedingEdge/lib/mono/unityjit'
Mono config path = 'C:/Program Files/Unity/Hub/Editor/2020.3.6f1/Editor/Data/MonoBleedingEdge/etc'
Using monoOptions --debugger-agent=transport=dt_socket,embedding=1,server=y,suspend=n,address=127.0.0.1:56644
Begin MonoManager ReloadAssembly
Registering precompiled unity dll's ...
Register platform support module: C:/Program Files/Unity/Hub/Editor/2020.3.6f1/Editor/Data/PlaybackEngines/WindowsStandaloneSupport/UnityEditor.WindowsStandalone.Extensions.dll
Registered in 0.159638 seconds.
Native extension for WindowsStandalone target not found
Refreshing native plugins compatible for Editor in 51.85 ms, found 1 plugins.
Preloading 0 native plugins for Editor in 0.00 ms.
Mono: successfully reloaded assembly
- Completed reload, in  7.338 seconds
Platform modules already initialized, skipping
Registering precompiled user dll's ...
Registered in 0.055470 seconds.
Begin MonoManager ReloadAssembly
Native extension for WindowsStandalone target not found
Refreshing native plugins compatible for Editor in 48.31 ms, found 1 plugins.
Preloading 0 native plugins for Editor in 0.00 ms.
Mono: successfully reloaded assembly
- Completed reload, in  3.743 seconds
Platform modules already initialized, skipping
========================================================================
Worker process is ready to serve import requests
Launched and connected shader compiler UnityShaderCompiler.exe after 0.07 seconds
Refreshing native plugins compatible for Editor in 0.57 ms, found 1 plugins.
Preloading 0 native plugins for Editor in 0.00 ms.
Unloading 1816 Unused Serialized files (Serialized files now loaded: 0)
System memory in use before: 84.9 MB.
System memory in use after: 85.0 MB.

Unloading 19 unused Assets to reduce memory usage. Loaded Objects now: 2263.
Total: 3.206500 ms (FindLiveObjects: 0.395200 ms CreateObjectMapping: 0.148600 ms MarkObjects: 2.556700 ms  DeleteObjects: 0.104900 ms)

========================================================================
Received Import Request.
  path: Assets/Scenes/lvl_01.unity
  artifactKey: Guid(8d6cb15108aeacc448371161e19460f2) Importer(815301076,1909f56bfc062723c751e8b465ee728b)
Start importing Assets/Scenes/lvl_01.unity using Guid(8d6cb15108aeacc448371161e19460f2) Importer(815301076,1909f56bfc062723c751e8b465ee728b)  -> (artifact id: 'c2ba55141d5e17640a7bd85298a9d948') in 0.028913 seconds
  Import took 0.032937 seconds .

========================================================================
Received Import Request.
  Time since last request: 0.013187 seconds.
  path: Assets/Scenes/lvl_01.unity
  artifactKey: Guid(8d6cb15108aeacc448371161e19460f2) Importer(815301076,1909f56bfc062723c751e8b465ee728b)
Start importing Assets/Scenes/lvl_01.unity using Guid(8d6cb15108aeacc448371161e19460f2) Importer(815301076,1909f56bfc062723c751e8b465ee728b)  -> (artifact id: 'c2ba55141d5e17640a7bd85298a9d948') in 0.004788 seconds
  Import took 0.009395 seconds .

========================================================================
Received Import Request.
  Time since last request: 34.326081 seconds.
  path: Assets/Scenes/mainMenu.unity
  artifactKey: Guid(9deba3c9039aa9e41b01c11b791a1174) Importer(815301076,1909f56bfc062723c751e8b465ee728b)
Start importing Assets/Scenes/mainMenu.unity using Guid(9deba3c9039aa9e41b01c11b791a1174) Importer(815301076,1909f56bfc062723c751e8b465ee728b)  -> (artifact id: 'd4f556a32e0ec7208bafd08cc62833d9') in 0.014290 seconds
  Import took 0.020352 seconds .

========================================================================
Received Prepare
Registering precompiled user dll's ...
Registered in 0.002175 seconds.
Begin MonoManager ReloadAssembly
Native extension for WindowsStandalone target not found
Refreshing native plugins compatible for Editor in 0.42 ms, found 1 plugins.
Preloading 0 native plugins for Editor in 0.00 ms.
Mono: successfully reloaded assembly
- Completed reload, in  1.043 seconds
Platform modules already initialized, skipping
Refreshing native plugins compatible for Editor in 0.51 ms, found 1 plugins.
Preloading 0 native plugins for Editor in 0.00 ms.
Unloading 1806 Unused Serialized files (Serialized files now loaded: 0)
System memory in use before: 84.4 MB.
System memory in use after: 84.5 MB.

Unloading 7 unused Assets to reduce memory usage. Loaded Objects now: 2267.
Total: 2.635700 ms (FindLiveObjects: 0.588400 ms CreateObjectMapping: 0.200700 ms MarkObjects: 1.828600 ms  DeleteObjects: 0.017100 ms)

AssetImportWorkerClient::OnTransportError - code=2 error=End of file
