Using pre-set license
Built from '2020.3/staging' branch; Version is '2020.3.6f1 (338bb68529b2) revision 3378102'; Using compiler version '192528614'; Build Type 'Release'
OS: 'Windows 10 Home Single Language; OS build 19042.1165; Version 2009; 64bit' Language: 'pt' Physical Memory: 32603 MB
BatchMode: 1, IsHumanControllingUs: 0, StartBugReporterOnCrash: 0, Is64bit: 1, IsPro: 0

 COMMAND LINE ARGUMENTS:
C:\Program Files\Unity\Hub\Editor\2020.3.6f1\Editor\Unity.exe
-adb2
-batchMode
-noUpm
-name
AssetImportWorker0
-projectPath
C:/Users/gabri/Documents/Faculdade/Game design/annoying courses/poc02_marmota
-logFile
Logs/AssetImportWorker0.log
-srvPort
60104
Successfully changed project path to: C:/Users/gabri/Documents/Faculdade/Game design/annoying courses/poc02_marmota
C:/Users/gabri/Documents/Faculdade/Game design/annoying courses/poc02_marmota
Using Asset Import Pipeline V2.
Refreshing native plugins compatible for Editor in 40.37 ms, found 1 plugins.
Preloading 0 native plugins for Editor in 0.00 ms.
Initialize engine version: 2020.3.6f1 (338bb68529b2)
[Subsystems] Discovering subsystems at path C:/Program Files/Unity/Hub/Editor/2020.3.6f1/Editor/Data/Resources/UnitySubsystems
[Subsystems] Discovering subsystems at path C:/Users/gabri/Documents/Faculdade/Game design/annoying courses/poc02_marmota/Assets
GfxDevice: creating device client; threaded=0
Direct3D:
    Version:  Direct3D 11.0 [level 11.1]
    Renderer: NVIDIA GeForce RTX 2060 (ID=0x1f15)
    Vendor:   
    VRAM:     5980 MB
    Driver:   27.21.14.6242
Initialize mono
Mono path[0] = 'C:/Program Files/Unity/Hub/Editor/2020.3.6f1/Editor/Data/Managed'
Mono path[1] = 'C:/Program Files/Unity/Hub/Editor/2020.3.6f1/Editor/Data/MonoBleedingEdge/lib/mono/unityjit'
Mono config path = 'C:/Program Files/Unity/Hub/Editor/2020.3.6f1/Editor/Data/MonoBleedingEdge/etc'
Using monoOptions --debugger-agent=transport=dt_socket,embedding=1,server=y,suspend=n,address=127.0.0.1:56384
Begin MonoManager ReloadAssembly
Registering precompiled unity dll's ...
Register platform support module: C:/Program Files/Unity/Hub/Editor/2020.3.6f1/Editor/Data/PlaybackEngines/WindowsStandaloneSupport/UnityEditor.WindowsStandalone.Extensions.dll
Registered in 0.001470 seconds.
Native extension for WindowsStandalone target not found
Refreshing native plugins compatible for Editor in 40.76 ms, found 1 plugins.
Preloading 0 native plugins for Editor in 0.00 ms.
Mono: successfully reloaded assembly
- Completed reload, in  1.906 seconds
Platform modules already initialized, skipping
Registering precompiled user dll's ...
Registered in 0.000837 seconds.
Begin MonoManager ReloadAssembly
Native extension for WindowsStandalone target not found
Refreshing native plugins compatible for Editor in 41.43 ms, found 1 plugins.
Preloading 0 native plugins for Editor in 0.00 ms.
Mono: successfully reloaded assembly
- Completed reload, in  0.957 seconds
Platform modules already initialized, skipping
========================================================================
Worker process is ready to serve import requests
Launched and connected shader compiler UnityShaderCompiler.exe after 0.06 seconds
Refreshing native plugins compatible for Editor in 0.45 ms, found 1 plugins.
Preloading 0 native plugins for Editor in 0.00 ms.
Unloading 1816 Unused Serialized files (Serialized files now loaded: 0)
System memory in use before: 85.6 MB.
System memory in use after: 85.7 MB.

Unloading 19 unused Assets to reduce memory usage. Loaded Objects now: 2264.
Total: 3.361800 ms (FindLiveObjects: 0.442500 ms CreateObjectMapping: 0.441700 ms MarkObjects: 2.393700 ms  DeleteObjects: 0.082200 ms)

========================================================================
Received Import Request.
  path: Assets/Scenes/lvl_04.unity
  artifactKey: Guid(5daeae5b12332e04e829551df731ee9c) Importer(815301076,1909f56bfc062723c751e8b465ee728b)
Start importing Assets/Scenes/lvl_04.unity using Guid(5daeae5b12332e04e829551df731ee9c) Importer(815301076,1909f56bfc062723c751e8b465ee728b)  -> (artifact id: '62fabd88241777ef0685dafdc11f4fec') in 0.035376 seconds
  Import took 0.041546 seconds .

========================================================================
Received Import Request.
  Time since last request: 0.000516 seconds.
  path: Assets/Scenes/lvl_03.unity
  artifactKey: Guid(3379f80fa3fb5a34f87741c5cb556c27) Importer(815301076,1909f56bfc062723c751e8b465ee728b)
Start importing Assets/Scenes/lvl_03.unity using Guid(3379f80fa3fb5a34f87741c5cb556c27) Importer(815301076,1909f56bfc062723c751e8b465ee728b)  -> (artifact id: 'a50e388660be3c8f5f14fe8e61eabf1b') in 0.016112 seconds
  Import took 0.022687 seconds .

========================================================================
Received Import Request.
  Time since last request: 0.000527 seconds.
  path: Assets/Scenes/lvl_06.unity
  artifactKey: Guid(4521f8543a3daa543934b2b2713660a8) Importer(815301076,1909f56bfc062723c751e8b465ee728b)
Start importing Assets/Scenes/lvl_06.unity using Guid(4521f8543a3daa543934b2b2713660a8) Importer(815301076,1909f56bfc062723c751e8b465ee728b)  -> (artifact id: 'd236e889e4dc290f8f1fe56afb5c8ab0') in 0.017147 seconds
  Import took 0.024119 seconds .

========================================================================
Received Import Request.
  Time since last request: 0.000552 seconds.
  path: Assets/Scenes/lvl_02.unity
  artifactKey: Guid(42c9f4fcfdb03a1499bdbecddbb46e31) Importer(815301076,1909f56bfc062723c751e8b465ee728b)
Start importing Assets/Scenes/lvl_02.unity using Guid(42c9f4fcfdb03a1499bdbecddbb46e31) Importer(815301076,1909f56bfc062723c751e8b465ee728b)  -> (artifact id: '68f590e8b8966a3c09dadd9590d3882a') in 0.015604 seconds
  Import took 0.022186 seconds .

========================================================================
Received Import Request.
  Time since last request: 0.000420 seconds.
  path: Assets/Scenes/lvl_05.unity
  artifactKey: Guid(04bc3ee268aa3e240a418c36fbef6666) Importer(815301076,1909f56bfc062723c751e8b465ee728b)
Start importing Assets/Scenes/lvl_05.unity using Guid(04bc3ee268aa3e240a418c36fbef6666) Importer(815301076,1909f56bfc062723c751e8b465ee728b)  -> (artifact id: '9b8fd1dc665b0239f239be9dc40333a4') in 0.009293 seconds
  Import took 0.013914 seconds .

AssetImportWorkerClient::OnTransportError - code=2 error=End of file
